0:0:0:0:0:0:0:1 - - [04/Aug/2017:13:11:11 +0800] "GET / HTTP/1.1" 404 306
0:0:0:0:0:0:0:1 - - [04/Aug/2017:13:11:11 +0800] "GET /favicon.ico HTTP/1.1" 200 946
0:0:0:0:0:0:0:1 - - [04/Aug/2017:13:11:16 +0800] "GET /test HTTP/1.1" 200 13
0:0:0:0:0:0:0:1 - - [04/Aug/2017:13:37:53 +0800] "GET /users HTTP/1.1" 200 421
0:0:0:0:0:0:0:1 - - [04/Aug/2017:13:38:33 +0800] "GET /users HTTP/1.1" 200 134
0:0:0:0:0:0:0:1 - - [04/Aug/2017:13:50:55 +0800] "POST /login HTTP/1.1" 200 114
0:0:0:0:0:0:0:1 - - [04/Aug/2017:13:51:13 +0800] "POST /login HTTP/1.1" 200 64
0:0:0:0:0:0:0:1 - - [04/Aug/2017:13:51:18 +0800] "POST /login HTTP/1.1" 200 114
0:0:0:0:0:0:0:1 - - [04/Aug/2017:13:51:38 +0800] "GET /users/1 HTTP/1.1" 200 120
0:0:0:0:0:0:0:1 - - [04/Aug/2017:13:51:38 +0800] "GET /rooms HTTP/1.1" 404 120
0:0:0:0:0:0:0:1 - - [04/Aug/2017:13:51:38 +0800] "GET /wk/info HTTP/1.1" 404 122
0:0:0:0:0:0:0:1 - - [04/Aug/2017:13:54:46 +0800] "POST /login HTTP/1.1" 200 114
0:0:0:0:0:0:0:1 - - [04/Aug/2017:13:55:15 +0800] "POST /login HTTP/1.1" 200 114
0:0:0:0:0:0:0:1 - - [04/Aug/2017:13:56:36 +0800] "POST /login HTTP/1.1" 200 114
0:0:0:0:0:0:0:1 - - [04/Aug/2017:13:56:36 +0800] "GET /users/1 HTTP/1.1" 200 120
0:0:0:0:0:0:0:1 - - [04/Aug/2017:13:57:45 +0800] "POST /login HTTP/1.1" 200 114
0:0:0:0:0:0:0:1 - - [04/Aug/2017:13:57:46 +0800] "GET /users/1 HTTP/1.1" 200 120
0:0:0:0:0:0:0:1 - - [04/Aug/2017:14:00:29 +0800] "POST /login HTTP/1.1" 200 114
0:0:0:0:0:0:0:1 - - [04/Aug/2017:14:00:29 +0800] "GET /users/1 HTTP/1.1" 200 120
0:0:0:0:0:0:0:1 - - [04/Aug/2017:14:02:34 +0800] "GET /users HTTP/1.1" 200 134
0:0:0:0:0:0:0:1 - - [04/Aug/2017:14:03:08 +0800] "POST /login HTTP/1.1" 200 114
0:0:0:0:0:0:0:1 - - [04/Aug/2017:14:03:08 +0800] "GET /users/1 HTTP/1.1" 200 120
0:0:0:0:0:0:0:1 - - [04/Aug/2017:14:24:08 +0800] "POST /login HTTP/1.1" 200 114
0:0:0:0:0:0:0:1 - - [04/Aug/2017:14:24:08 +0800] "GET /users/1 HTTP/1.1" 200 120
0:0:0:0:0:0:0:1 - - [04/Aug/2017:15:24:20 +0800] "POST /login HTTP/1.1" 200 114
0:0:0:0:0:0:0:1 - - [04/Aug/2017:15:24:21 +0800] "GET /users/1 HTTP/1.1" 200 120
0:0:0:0:0:0:0:1 - - [04/Aug/2017:15:26:26 +0800] "POST /login HTTP/1.1" 200 114
0:0:0:0:0:0:0:1 - - [04/Aug/2017:15:26:26 +0800] "GET /users/1 HTTP/1.1" 200 120
0:0:0:0:0:0:0:1 - - [04/Aug/2017:15:26:26 +0800] "GET /users/1 HTTP/1.1" 200 120
0:0:0:0:0:0:0:1 - - [04/Aug/2017:15:28:15 +0800] "POST /login HTTP/1.1" 200 114
0:0:0:0:0:0:0:1 - - [04/Aug/2017:15:28:15 +0800] "GET /users/1 HTTP/1.1" 200 120
0:0:0:0:0:0:0:1 - - [04/Aug/2017:15:41:19 +0800] "POST /login HTTP/1.1" 200 122
0:0:0:0:0:0:0:1 - - [04/Aug/2017:15:41:31 +0800] "POST /login HTTP/1.1" 200 122
0:0:0:0:0:0:0:1 - - [04/Aug/2017:15:42:35 +0800] "POST /login HTTP/1.1" 200 122
0:0:0:0:0:0:0:1 - - [04/Aug/2017:15:42:35 +0800] "GET /users/1 HTTP/1.1" 200 128
0:0:0:0:0:0:0:1 - - [04/Aug/2017:15:43:22 +0800] "POST /login HTTP/1.1" 200 122
0:0:0:0:0:0:0:1 - - [04/Aug/2017:15:43:22 +0800] "GET /users/1 HTTP/1.1" 200 128
0:0:0:0:0:0:0:1 - - [04/Aug/2017:16:19:53 +0800] "POST /login HTTP/1.1" 200 122
0:0:0:0:0:0:0:1 - - [04/Aug/2017:16:20:38 +0800] "POST /login HTTP/1.1" 200 122
0:0:0:0:0:0:0:1 - - [04/Aug/2017:16:20:38 +0800] "GET /users/1 HTTP/1.1" 200 128
0:0:0:0:0:0:0:1 - - [04/Aug/2017:17:15:22 +0800] "POST /login HTTP/1.1" 200 122
0:0:0:0:0:0:0:1 - - [04/Aug/2017:17:15:22 +0800] "GET /users/1 HTTP/1.1" 200 128
